2025-04-05 22:04:26.832  INFO  [main]  [SecurityService] boot.SpringApplication.print [58] -- 
  .   ____          _            __ _ _
 /\\ / ___'_ __ _ _(_)_ __  __ _ \ \ \ \
( ( )\___ | '_ | '_| | '_ \/ _` | \ \ \ \
 \\/  ___)| |_)| | | | | || (_| |  ) ) ) )
  '  |____| .__|_| |_|_| |_\__, | / / / /
 =========|_|==============|___/=/_/_/_/

 :: Spring Boot ::               (v3.3.10)


2025-04-05 22:04:27.037  INFO  [main]  [SecurityService] security.SecurityServiceApplication.logStarting [50] -- Starting SecurityServiceApplication v0.0.1-SNAPSHOT using Java 21 with PID 1 (/app/app.jar started by root in /app)
2025-04-05 22:04:27.050  INFO  [main]  [SecurityService] security.SecurityServiceApplication.logStartupProfileInfo [660] -- The following 1 profile is active: "docker"
2025-04-05 22:04:28.300  INFO  [main]  [SecurityService] config.RepositoryConfigurationDelegate.registerRepositoriesIn [143] -- Bootstrapping Spring Data JPA repositories in DEFAULT mode.
2025-04-05 22:04:28.338  INFO  [main]  [SecurityService] config.RepositoryConfigurationDelegate.registerRepositoriesIn [211] -- Finished Spring Data repository scanning in 18 ms. Found 0 JPA repository interfaces.
2025-04-05 22:04:29.035  INFO  [main]  [SecurityService] tomcat.TomcatWebServer.initialize [111] -- Tomcat initialized with port 8080 (http)
2025-04-05 22:04:29.071  INFO  [main]  [SecurityService] http11.Http11NioProtocol.log [173] -- Initializing ProtocolHandler ["http-nio-8080"]
2025-04-05 22:04:29.079  INFO  [main]  [SecurityService] core.StandardService.log [173] -- Starting service [Tomcat]
2025-04-05 22:04:29.083  INFO  [main]  [SecurityService] core.StandardEngine.log [173] -- Starting Servlet engine: [Apache Tomcat/10.1.39]
2025-04-05 22:04:29.158  INFO  [main]  [SecurityService] [localhost].[/].log [173] -- Initializing Spring embedded WebApplicationContext
2025-04-05 22:04:29.168  INFO  [main]  [SecurityService] context.ServletWebServerApplicationContext.prepareWebApplicationContext [301] -- Root WebApplicationContext: initialization completed in 1970 ms
2025-04-05 22:04:29.589  INFO  [main]  [SecurityService] hikari.HikariDataSource.getConnection [109] -- HikariPool-1 - Starting...
2025-04-05 22:04:30.149  INFO  [main]  [SecurityService] pool.HikariPool.checkFailFast [554] -- HikariPool-1 - Added connection com.mysql.cj.jdbc.ConnectionImpl@58601e7a
2025-04-05 22:04:30.162  INFO  [main]  [SecurityService] hikari.HikariDataSource.getConnection [122] -- HikariPool-1 - Start completed.
2025-04-05 22:04:30.263  INFO  [main]  [SecurityService] core.FlywayExecutor.info [41] -- Database: jdbc:mysql://mysql:3306/jodo_db (MySQL 8.0)
2025-04-05 22:04:30.367  INFO  [main]  [SecurityService] schemahistory.JdbcTableSchemaHistory.info [41] -- Schema history table `jodo_db`.`flyway_schema_history` does not exist yet
2025-04-05 22:04:30.378  INFO  [main]  [SecurityService] command.DbValidate.info [41] -- Successfully validated 0 migrations (execution time 00:00.020s)
2025-04-05 22:04:30.379  WARN  [main]  [SecurityService] command.DbValidate.warn [45] -- No migrations found. Are your locations set up correctly?
2025-04-05 22:04:30.429  INFO  [main]  [SecurityService] schemahistory.JdbcTableSchemaHistory.info [41] -- Creating Schema History table `jodo_db`.`flyway_schema_history` ...
2025-04-05 22:04:30.583  INFO  [main]  [SecurityService] command.DbMigrate.info [41] -- Current version of schema `jodo_db`: << Empty Schema >>
2025-04-05 22:04:30.598  INFO  [main]  [SecurityService] command.DbMigrate.info [41] -- Schema `jodo_db` is up to date. No migration necessary.
2025-04-05 22:04:30.752  INFO  [main]  [SecurityService] util.LogHelper.logPersistenceUnitInformation [31] -- HHH000204: Processing PersistenceUnitInfo [name: default]
2025-04-05 22:04:30.850  INFO  [main]  [SecurityService] hibernate.Version.logVersion [44] -- HHH000412: Hibernate ORM core version 6.5.3.Final
2025-04-05 22:04:30.916  INFO  [main]  [SecurityService] internal.RegionFactoryInitiator.initiateService [50] -- HHH000026: Second-level cache disabled
2025-04-05 22:04:31.360  INFO  [main]  [SecurityService] persistenceunit.SpringPersistenceUnitInfo.addTransformer [87] -- No LoadTimeWeaver setup: ignoring JPA class transformer
2025-04-05 22:04:31.943  INFO  [main]  [SecurityService] internal.JtaPlatformInitiator.initiateService [59] -- HHH000489: No JTA platform available (set 'hibernate.transaction.jta.platform' to enable JTA platform integration)
2025-04-05 22:04:31.955  INFO  [main]  [SecurityService] jpa.LocalContainerEntityManagerFactoryBean.buildNativeEntityManagerFactory [437] -- Initialized JPA EntityManagerFactory for persistence unit 'default'
2025-04-05 22:04:32.075  WARN  [main]  [SecurityService] jpa.JpaBaseConfiguration$JpaWebConfiguration.openEntityManagerInViewInterceptor [236] -- spring.jpa.open-in-view is enabled by default. Therefore, database queries may be performed during view rendering. Explicitly configure spring.jpa.open-in-view to disable this warning
2025-04-05 22:04:32.934  WARN  [main]  [SecurityService] servlet.UserDetailsServiceAutoConfiguration.getOrDeducePassword [86] -- 

Using generated security password: 745ae50d-c25f-4bfc-8ad3-deb740a1b31f

This generated password is for development use only. Your security configuration must be updated before running your application in production.

2025-04-05 22:04:32.984  INFO  [main]  [SecurityService] configuration.InitializeUserDetailsBeanManagerConfigurer$InitializeUserDetailsManagerConfigurer.configure [112] -- Global AuthenticationManager configured with UserDetailsService bean with name inMemoryUserDetailsManager
2025-04-05 22:04:33.378  INFO  [main]  [SecurityService] http11.Http11NioProtocol.log [173] -- Starting ProtocolHandler ["http-nio-8080"]
2025-04-05 22:04:33.412  INFO  [main]  [SecurityService] tomcat.TomcatWebServer.start [243] -- Tomcat started on port 8080 (http) with context path '/'
2025-04-05 22:04:33.440  INFO  [main]  [SecurityService] security.SecurityServiceApplication.logStarted [56] -- Started SecurityServiceApplication in 7.154 seconds (process running for 9.523)
2025-04-05 22:04:33.454  INFO  [main]  [SecurityService] security.SecurityServiceApplication.main [16] -- ***********FlyWayApiApplication started *************
